
[debug] [2026-05-06T04:32:02.440Z] ----------------------------------------------------------------------
[debug] [2026-05-06T04:32:02.444Z] Command:       C:\nvm4w\nodejs\node.exe C:\nvm4w\nodejs\node_modules\firebase-tools\lib\bin\firebase.js deploy
[debug] [2026-05-06T04:32:02.444Z] CLI Version:   15.16.0
[debug] [2026-05-06T04:32:02.444Z] Platform:      win32
[debug] [2026-05-06T04:32:02.445Z] Node Version:  v22.22.2
[debug] [2026-05-06T04:32:02.445Z] Time:          Wed May 06 2026 12:32:02 GMT+0800 (GMT+08:00)
[debug] [2026-05-06T04:32:02.445Z] ----------------------------------------------------------------------
[debug] 
[debug] [2026-05-06T04:32:47.241Z] > command requires scopes: ["email","openid","https://www.googleapis.com/auth/cloudplatformprojects.readonly","https://www.googleapis.com/auth/firebase","https://www.googleapis.com/auth/cloud-platform"]
[debug] [2026-05-06T04:32:47.242Z] > authorizing via signed-in user (bmk0220@gmail.com)
[debug] [2026-05-06T04:32:47.242Z] [iam] checking project notebook-kit for permissions ["cloudfunctions.functions.create","cloudfunctions.functions.delete","cloudfunctions.functions.get","cloudfunctions.functions.list","cloudfunctions.functions.update","cloudfunctions.operations.get","datastore.indexes.create","datastore.indexes.delete","datastore.indexes.list","datastore.indexes.update","firebase.projects.get","firebase.projects.update","firebaseauth.configs.update","firebasehosting.sites.update","firebaserules.releases.create","firebaserules.releases.update","firebaserules.rulesets.create"]
[debug] [2026-05-06T04:32:47.243Z] Checked if tokens are valid: true, expires at: 1778044856123
[debug] [2026-05-06T04:32:47.243Z] Checked if tokens are valid: true, expires at: 1778044856123
[debug] [2026-05-06T04:32:47.245Z] >>> [apiv2][query] POST https://cloudresourcemanager.googleapis.com/v1/projects/notebook-kit:testIamPermissions [none]
[debug] [2026-05-06T04:32:47.245Z] >>> [apiv2][(partial)header] POST https://cloudresourcemanager.googleapis.com/v1/projects/notebook-kit:testIamPermissions  x-goog-user-project=notebook-kit
[debug] [2026-05-06T04:32:47.245Z] >>> [apiv2][body] POST https://cloudresourcemanager.googleapis.com/v1/projects/notebook-kit:testIamPermissions {"permissions":["cloudfunctions.functions.create","cloudfunctions.functions.delete","cloudfunctions.functions.get","cloudfunctions.functions.list","cloudfunctions.functions.update","cloudfunctions.operations.get","datastore.indexes.create","datastore.indexes.delete","datastore.indexes.list","datastore.indexes.update","firebase.projects.get","firebase.projects.update","firebaseauth.configs.update","firebasehosting.sites.update","firebaserules.releases.create","firebaserules.releases.update","firebaserules.rulesets.create"]}
[debug] [2026-05-06T04:32:47.972Z] <<< [apiv2][status] POST https://cloudresourcemanager.googleapis.com/v1/projects/notebook-kit:testIamPermissions 200
[debug] [2026-05-06T04:32:47.973Z] <<< [apiv2][body] POST https://cloudresourcemanager.googleapis.com/v1/projects/notebook-kit:testIamPermissions {"permissions":["cloudfunctions.functions.create","cloudfunctions.functions.delete","cloudfunctions.functions.get","cloudfunctions.functions.list","cloudfunctions.functions.update","cloudfunctions.operations.get","datastore.indexes.create","datastore.indexes.delete","datastore.indexes.list","datastore.indexes.update","firebase.projects.get","firebase.projects.update","firebaseauth.configs.update","firebasehosting.sites.update","firebaserules.releases.create","firebaserules.releases.update","firebaserules.rulesets.create"]}
[debug] [2026-05-06T04:32:47.973Z] Checked if tokens are valid: true, expires at: 1778044856123
[debug] [2026-05-06T04:32:47.973Z] Checked if tokens are valid: true, expires at: 1778044856123
[debug] [2026-05-06T04:32:47.974Z] >>> [apiv2][query] POST https://iam.googleapis.com/v1/projects/notebook-kit/serviceAccounts/notebook-kit@appspot.gserviceaccount.com:testIamPermissions [none]
[debug] [2026-05-06T04:32:47.974Z] >>> [apiv2][body] POST https://iam.googleapis.com/v1/projects/notebook-kit/serviceAccounts/notebook-kit@appspot.gserviceaccount.com:testIamPermissions {"permissions":["iam.serviceAccounts.actAs"]}
[debug] [2026-05-06T04:32:48.794Z] <<< [apiv2][status] POST https://iam.googleapis.com/v1/projects/notebook-kit/serviceAccounts/notebook-kit@appspot.gserviceaccount.com:testIamPermissions 200
[debug] [2026-05-06T04:32:48.794Z] <<< [apiv2][body] POST https://iam.googleapis.com/v1/projects/notebook-kit/serviceAccounts/notebook-kit@appspot.gserviceaccount.com:testIamPermissions {"permissions":["iam.serviceAccounts.actAs"]}
[debug] [2026-05-06T04:32:48.795Z] Checked if tokens are valid: true, expires at: 1778044856123
[debug] [2026-05-06T04:32:48.796Z] Checked if tokens are valid: true, expires at: 1778044856123
[debug] [2026-05-06T04:32:48.796Z] >>> [apiv2][query] GET https://firebase.googleapis.com/v1beta1/projects/notebook-kit [none]
[debug] [2026-05-06T04:32:49.591Z] <<< [apiv2][status] GET https://firebase.googleapis.com/v1beta1/projects/notebook-kit 200
[debug] [2026-05-06T04:32:49.591Z] <<< [apiv2][body] GET https://firebase.googleapis.com/v1beta1/projects/notebook-kit {"projectId":"notebook-kit","projectNumber":"859362233686","displayName":"Notebook Kit","name":"projects/notebook-kit","resources":{"hostingSite":"notebook-kit"},"state":"ACTIVE","etag":"1_46e0fe7f-8749-48fa-a924-8e88086dd44f"}
[debug] [2026-05-06T04:32:52.897Z] defaultcredentials: writing to file C:\Users\mattk\AppData\Roaming\firebase\bmk0220_gmail_com_application_default_credentials.json
[debug] [2026-05-06T04:32:52.899Z] Checked if tokens are valid: true, expires at: 1778044856123
[debug] [2026-05-06T04:32:52.899Z] Checked if tokens are valid: true, expires at: 1778044856123
[debug] [2026-05-06T04:32:52.900Z] >>> [apiv2][query] GET https://firebasehosting.googleapis.com/v1beta1/projects/notebook-kit/sites pageToken=&pageSize=10
[debug] [2026-05-06T04:32:54.732Z] <<< [apiv2][status] GET https://firebasehosting.googleapis.com/v1beta1/projects/notebook-kit/sites 200
[debug] [2026-05-06T04:32:54.733Z] <<< [apiv2][body] GET https://firebasehosting.googleapis.com/v1beta1/projects/notebook-kit/sites {"sites":[{"name":"projects/notebook-kit/sites/notebook-kit","defaultUrl":"https://notebook-kit.web.app","appId":"1:859362233686:web:4a959657bf832aaf38daf7","type":"DEFAULT_SITE"}]}
[debug] [2026-05-06T04:32:54.734Z] Checked if tokens are valid: true, expires at: 1778044856123
[debug] [2026-05-06T04:32:54.734Z] Checked if tokens are valid: true, expires at: 1778044856123
[debug] [2026-05-06T04:32:54.734Z] >>> [apiv2][query] GET https://firebase.googleapis.com/v1beta1/projects/-/webApps/1:859362233686:web:4a959657bf832aaf38daf7/config [none]
[debug] [2026-05-06T04:32:55.608Z] <<< [apiv2][status] GET https://firebase.googleapis.com/v1beta1/projects/-/webApps/1:859362233686:web:4a959657bf832aaf38daf7/config 200
[debug] [2026-05-06T04:32:55.609Z] <<< [apiv2][body] GET https://firebase.googleapis.com/v1beta1/projects/-/webApps/1:859362233686:web:4a959657bf832aaf38daf7/config {"projectId":"notebook-kit","appId":"1:859362233686:web:4a959657bf832aaf38daf7","storageBucket":"notebook-kit.firebasestorage.app","apiKey":"AIzaSyBzsCdYk8wbL9UP_lJHq9dDNPeFdj4_S0c","authDomain":"notebook-kit.firebaseapp.com","messagingSenderId":"859362233686","measurementId":"G-PFMWJMY85C","projectNumber":"859362233686","version":"2"}
[info] 
   Thank you for trying our early preview of Next.js support on Firebase Hosting.
   During the preview, support is best-effort and breaking changes can be expected. Proceed with caution.
   The integration is known to work with Next.js version 12 - 15.0. You may encounter errors.

   Documentation: https://firebase.google.com/docs/hosting/frameworks/nextjs
   File a bug: https://github.com/firebase/firebase-tools/issues/new?template=bug_report.md
   Submit a feature request: https://github.com/firebase/firebase-tools/issues/new?template=feature_request.md

   We'd love to learn from you. Express your interest in helping us shape the future of Firebase Hosting: https://goo.gle/41enW5X

[debug] [2026-05-06T04:33:02.284Z] Checked if tokens are valid: true, expires at: 1778044856123
[debug] [2026-05-06T04:33:02.285Z] Checked if tokens are valid: true, expires at: 1778044856123
[debug] [2026-05-06T04:33:02.285Z] >>> [apiv2][query] GET https://firebasehosting.googleapis.com/v1beta1/projects/notebook-kit/sites/notebook-kit [none]
[debug] [2026-05-06T04:33:03.460Z] <<< [apiv2][status] GET https://firebasehosting.googleapis.com/v1beta1/projects/notebook-kit/sites/notebook-kit 200
[debug] [2026-05-06T04:33:03.461Z] <<< [apiv2][body] GET https://firebasehosting.googleapis.com/v1beta1/projects/notebook-kit/sites/notebook-kit {"name":"projects/notebook-kit/sites/notebook-kit","defaultUrl":"https://notebook-kit.web.app","appId":"1:859362233686:web:4a959657bf832aaf38daf7","type":"DEFAULT_SITE"}
[info]    ▲ Next.js 15.5.15

[info]    - Environments: .env.local


[info]    Creating an optimized production build ...

[info]  ✓ Compiled successfully in 7.2s

[info]    Linting and checking validity of types ...

[info] 
Failed to compile.

./app/admin/forge/page.tsx
94:53  Warning: Unexpected any. Specify a different type.  @typescript-eslint/no-explicit-any
222:19  Warning: Unexpected any. Specify a different type.  @typescript-eslint/no-explicit-any
256:32  Warning: Unexpected any. Specify a different type.  @typescript-eslint/no-explicit-any
257:36  Warning: Unexpected any. Specify a different type.  @typescript-eslint/no-explicit-any
404:62  Warning: Unexpected any. Specify a different type.  @typescript-eslint/no-explicit-any
558:54  Warning: Unexpected any. Specify a different type.  @typescript-eslint/no-explicit-any

./app/admin/kits/page.tsx
111:45  Warning: Unexpected any. Specify a different type.  @typescript-eslint/no-explicit-any

./app/admin/kits/[kitId]/page.tsx
125:36  Warning: Unexpected any. Specify a different type.  @typescript-eslint/no-explicit-any

./app/admin/page.tsx
24:14  Warning: Unexpected any. Specify a different type.  @typescript-eslint/no-explicit-any

./app/admin/partners/page.tsx
78:19  Warning: Unexpected any. Specify a different type.  @typescript-eslint/no-explicit-any
111:86  Warning: Unexpected any. Specify a different type.  @typescript-eslint/no-explicit-any
285:25  Warning: 'userStats' is assigned a value but never used.  @typescript-eslint/no-unused-vars

./app/admin/payouts/page.tsx
21:16  Warning: Unexpected any. Specify a different type.  @typescript-eslint/no-explicit-any
22:17  Warning: Unexpected any. Specify a different type.  @typescript-eslint/no-explicit-any

./app/admin/requests/page.tsx
24:3  Warning: 'MoreVertical' is defined but never used.  @typescript-eslint/no-unused-vars
38:14  Warning: Unexpected any. Specify a different type.  @typescript-eslint/no-explicit-any
69:81  Warning: Unexpected any. Specify a different type.  @typescript-eslint/no-explicit-any
71:72  Warning: Unexpected any. Specify a different type.  @typescript-eslint/no-explicit-any

./app/admin/users/page.tsx
18:52  Warning: 'updateDoc' is defined but never used.  @typescript-eslint/no-unused-vars
28:15  Warning: Unexpected any. Specify a different type.  @typescript-eslint/no-explicit-any
29:15  Warning: Unexpected any. Specify a different type.  @typescript-eslint/no-explicit-any

./app/api/email/route.ts
19:19  Warning: Unexpected any. Specify a different type.  @typescript-eslint/no-explicit-any

./app/api/kit/publish/route.ts
43:17  Warning: Unexpected any. Specify a different type.  @typescript-eslint/no-explicit-any

./app/api/payments/paypal/capture/route.ts
35:23  Warning: Unexpected any. Specify a different type.  @typescript-eslint/no-explicit-any
52:27  Warning: Unexpected any. Specify a different type.  @typescript-eslint/no-explicit-any
61:19  Warning: Unexpected any. Specify a different type.  @typescript-eslint/no-explicit-any
103:28  Warning: Unexpected any. Specify a different type.  @typescript-eslint/no-explicit-any
113:19  Warning: Unexpected any. Specify a different type.  @typescript-eslint/no-explicit-any

./app/api/payments/stripe/checkout/route.ts
51:19  Warning: Unexpected any. Specify a different type.  @typescript-eslint/no-explicit-any

./app/api/payments/verify/route.ts
69:19  Warning: Unexpected any. Specify a different type.  @typescript-eslint/no-explicit-any

./app/kits/page.tsx
15:14  Warning: Unexpected any. Specify a different type.  @typescript-eslint/no-explicit-any

./app/login/page.tsx
33:19  Warning: Unexpected any. Specify a different type.  @typescript-eslint/no-explicit-any
47:19  Warning: Unexpected any. Specify a different type.  @typescript-eslint/no-explicit-any

./app/partner/page.tsx
19:56  Warning: Unexpected any. Specify a different type.  @typescript-eslint/no-explicit-any
50:11  Error: 'fetchedPayments' is never reassigned. Use 'const' instead.  prefer-const
71:39  Warning: Unexpected any. Specify a different type.  @typescript-eslint/no-explicit-any
71:70  Warning: Unexpected any. Specify a different type.  @typescript-eslint/no-explicit-any
71:121  Warning: Unexpected any. Specify a different type.  @typescript-eslint/no-explicit-any
72:39  Warning: Unexpected any. Specify a different type.  @typescript-eslint/no-explicit-any
72:70  Warning: Unexpected any. Specify a different type.  @typescript-eslint/no-explicit-any
72:121  Warning: Unexpected any. Specify a different type.  @typescript-eslint/no-explicit-any

./components/admin/AssignKitModal.tsx
12:77  Warning: 'where' is defined but never used.  @typescript-eslint/no-unused-vars
68:19  Warning: Unexpected any. Specify a different type.  @typescript-eslint/no-explicit-any

./components/admin/UserModal.tsx
5:15  Warning: 'setDoc' is defined but never used.  @typescript-eslint/no-unused-vars
67:19  Warning: Unexpected any. Specify a different type.  @typescript-eslint/no-explicit-any

./components/marketplace/PurchaseControl.tsx
368:41  Warning: 'actions' is defined but never used. Allowed unused args must match /^_/u.  @typescript-eslint/no-unused-vars

./lib/constants/forge.ts
52:40  Warning: Unexpected any. Specify a different type.  @typescript-eslint/no-explicit-any

./lib/payments/fulfillment.ts
45:26  Warning: Unexpected any. Specify a different type.  @typescript-eslint/no-explicit-any

./lib/utils.ts
7:34  Warning: Unexpected any. Specify a different type.  @typescript-eslint/no-explicit-any

info  - Need to disable some ESLint rules? Learn more here: https://nextjs.org/docs/app/api-reference/config/eslint#disabling-rules

[debug] [2026-05-06T04:33:22.380Z] Error: ENOENT: no such file or directory, open 'C:\appprojects\notebook-kit\.next\export-marker.json'
[error] 
[error] Error: An unexpected error has occurred.
[debug] [2026-05-06T04:34:05.578Z] ----------------------------------------------------------------------
[debug] [2026-05-06T04:34:05.581Z] Command:       C:\nvm4w\nodejs\node.exe C:\nvm4w\nodejs\node_modules\firebase-tools\lib\bin\firebase.js deploy
[debug] [2026-05-06T04:34:05.582Z] CLI Version:   15.16.0
[debug] [2026-05-06T04:34:05.582Z] Platform:      win32
[debug] [2026-05-06T04:34:05.582Z] Node Version:  v22.22.2
[debug] [2026-05-06T04:34:05.582Z] Time:          Wed May 06 2026 12:34:05 GMT+0800 (GMT+08:00)
[debug] [2026-05-06T04:34:05.582Z] ----------------------------------------------------------------------
[debug] 
[debug] [2026-05-06T04:34:07.674Z] > command requires scopes: ["email","openid","https://www.googleapis.com/auth/cloudplatformprojects.readonly","https://www.googleapis.com/auth/firebase","https://www.googleapis.com/auth/cloud-platform"]
[debug] [2026-05-06T04:34:07.675Z] > authorizing via signed-in user (bmk0220@gmail.com)
[debug] [2026-05-06T04:34:07.675Z] [iam] checking project notebook-kit for permissions ["cloudfunctions.functions.create","cloudfunctions.functions.delete","cloudfunctions.functions.get","cloudfunctions.functions.list","cloudfunctions.functions.update","cloudfunctions.operations.get","datastore.indexes.create","datastore.indexes.delete","datastore.indexes.list","datastore.indexes.update","firebase.projects.get","firebase.projects.update","firebaseauth.configs.update","firebasehosting.sites.update","firebaserules.releases.create","firebaserules.releases.update","firebaserules.rulesets.create"]
[debug] [2026-05-06T04:34:07.677Z] Checked if tokens are valid: true, expires at: 1778044856123
[debug] [2026-05-06T04:34:07.677Z] Checked if tokens are valid: true, expires at: 1778044856123
[debug] [2026-05-06T04:34:07.678Z] >>> [apiv2][query] POST https://cloudresourcemanager.googleapis.com/v1/projects/notebook-kit:testIamPermissions [none]
[debug] [2026-05-06T04:34:07.678Z] >>> [apiv2][(partial)header] POST https://cloudresourcemanager.googleapis.com/v1/projects/notebook-kit:testIamPermissions  x-goog-user-project=notebook-kit
[debug] [2026-05-06T04:34:07.678Z] >>> [apiv2][body] POST https://cloudresourcemanager.googleapis.com/v1/projects/notebook-kit:testIamPermissions {"permissions":["cloudfunctions.functions.create","cloudfunctions.functions.delete","cloudfunctions.functions.get","cloudfunctions.functions.list","cloudfunctions.functions.update","cloudfunctions.operations.get","datastore.indexes.create","datastore.indexes.delete","datastore.indexes.list","datastore.indexes.update","firebase.projects.get","firebase.projects.update","firebaseauth.configs.update","firebasehosting.sites.update","firebaserules.releases.create","firebaserules.releases.update","firebaserules.rulesets.create"]}
[debug] [2026-05-06T04:34:08.384Z] <<< [apiv2][status] POST https://cloudresourcemanager.googleapis.com/v1/projects/notebook-kit:testIamPermissions 200
[debug] [2026-05-06T04:34:08.385Z] <<< [apiv2][body] POST https://cloudresourcemanager.googleapis.com/v1/projects/notebook-kit:testIamPermissions {"permissions":["cloudfunctions.functions.create","cloudfunctions.functions.delete","cloudfunctions.functions.get","cloudfunctions.functions.list","cloudfunctions.functions.update","cloudfunctions.operations.get","datastore.indexes.create","datastore.indexes.delete","datastore.indexes.list","datastore.indexes.update","firebase.projects.get","firebase.projects.update","firebaseauth.configs.update","firebasehosting.sites.update","firebaserules.releases.create","firebaserules.releases.update","firebaserules.rulesets.create"]}
[debug] [2026-05-06T04:34:08.385Z] Checked if tokens are valid: true, expires at: 1778044856123
[debug] [2026-05-06T04:34:08.385Z] Checked if tokens are valid: true, expires at: 1778044856123
[debug] [2026-05-06T04:34:08.385Z] >>> [apiv2][query] POST https://iam.googleapis.com/v1/projects/notebook-kit/serviceAccounts/notebook-kit@appspot.gserviceaccount.com:testIamPermissions [none]
[debug] [2026-05-06T04:34:08.385Z] >>> [apiv2][body] POST https://iam.googleapis.com/v1/projects/notebook-kit/serviceAccounts/notebook-kit@appspot.gserviceaccount.com:testIamPermissions {"permissions":["iam.serviceAccounts.actAs"]}
[debug] [2026-05-06T04:34:10.304Z] <<< [apiv2][status] POST https://iam.googleapis.com/v1/projects/notebook-kit/serviceAccounts/notebook-kit@appspot.gserviceaccount.com:testIamPermissions 200
[debug] [2026-05-06T04:34:10.304Z] <<< [apiv2][body] POST https://iam.googleapis.com/v1/projects/notebook-kit/serviceAccounts/notebook-kit@appspot.gserviceaccount.com:testIamPermissions {"permissions":["iam.serviceAccounts.actAs"]}
[debug] [2026-05-06T04:34:10.305Z] Checked if tokens are valid: true, expires at: 1778044856123
[debug] [2026-05-06T04:34:10.305Z] Checked if tokens are valid: true, expires at: 1778044856123
[debug] [2026-05-06T04:34:10.306Z] >>> [apiv2][query] GET https://firebase.googleapis.com/v1beta1/projects/notebook-kit [none]
[debug] [2026-05-06T04:34:11.372Z] <<< [apiv2][status] GET https://firebase.googleapis.com/v1beta1/projects/notebook-kit 200
[debug] [2026-05-06T04:34:11.372Z] <<< [apiv2][body] GET https://firebase.googleapis.com/v1beta1/projects/notebook-kit {"projectId":"notebook-kit","projectNumber":"859362233686","displayName":"Notebook Kit","name":"projects/notebook-kit","resources":{"hostingSite":"notebook-kit"},"state":"ACTIVE","etag":"1_46e0fe7f-8749-48fa-a924-8e88086dd44f"}
[debug] [2026-05-06T04:34:14.289Z] defaultcredentials: writing to file C:\Users\mattk\AppData\Roaming\firebase\bmk0220_gmail_com_application_default_credentials.json
[debug] [2026-05-06T04:34:14.291Z] Checked if tokens are valid: true, expires at: 1778044856123
[debug] [2026-05-06T04:34:14.292Z] Checked if tokens are valid: true, expires at: 1778044856123
[debug] [2026-05-06T04:34:14.292Z] >>> [apiv2][query] GET https://firebasehosting.googleapis.com/v1beta1/projects/notebook-kit/sites pageToken=&pageSize=10
[debug] [2026-05-06T04:34:15.525Z] <<< [apiv2][status] GET https://firebasehosting.googleapis.com/v1beta1/projects/notebook-kit/sites 200
[debug] [2026-05-06T04:34:15.525Z] <<< [apiv2][body] GET https://firebasehosting.googleapis.com/v1beta1/projects/notebook-kit/sites {"sites":[{"name":"projects/notebook-kit/sites/notebook-kit","defaultUrl":"https://notebook-kit.web.app","appId":"1:859362233686:web:4a959657bf832aaf38daf7","type":"DEFAULT_SITE"}]}
[debug] [2026-05-06T04:34:15.526Z] Checked if tokens are valid: true, expires at: 1778044856123
[debug] [2026-05-06T04:34:15.526Z] Checked if tokens are valid: true, expires at: 1778044856123
[debug] [2026-05-06T04:34:15.526Z] >>> [apiv2][query] GET https://firebase.googleapis.com/v1beta1/projects/-/webApps/1:859362233686:web:4a959657bf832aaf38daf7/config [none]
[debug] [2026-05-06T04:34:16.019Z] <<< [apiv2][status] GET https://firebase.googleapis.com/v1beta1/projects/-/webApps/1:859362233686:web:4a959657bf832aaf38daf7/config 200
[debug] [2026-05-06T04:34:16.019Z] <<< [apiv2][body] GET https://firebase.googleapis.com/v1beta1/projects/-/webApps/1:859362233686:web:4a959657bf832aaf38daf7/config {"projectId":"notebook-kit","appId":"1:859362233686:web:4a959657bf832aaf38daf7","storageBucket":"notebook-kit.firebasestorage.app","apiKey":"AIzaSyBzsCdYk8wbL9UP_lJHq9dDNPeFdj4_S0c","authDomain":"notebook-kit.firebaseapp.com","messagingSenderId":"859362233686","measurementId":"G-PFMWJMY85C","projectNumber":"859362233686","version":"2"}
[info] 
   Thank you for trying our early preview of Next.js support on Firebase Hosting.
   During the preview, support is best-effort and breaking changes can be expected. Proceed with caution.
   The integration is known to work with Next.js version 12 - 15.0. You may encounter errors.

   Documentation: https://firebase.google.com/docs/hosting/frameworks/nextjs
   File a bug: https://github.com/firebase/firebase-tools/issues/new?template=bug_report.md
   Submit a feature request: https://github.com/firebase/firebase-tools/issues/new?template=feature_request.md

   We'd love to learn from you. Express your interest in helping us shape the future of Firebase Hosting: https://goo.gle/41enW5X

[debug] [2026-05-06T04:34:23.044Z] Checked if tokens are valid: true, expires at: 1778044856123
[debug] [2026-05-06T04:34:23.045Z] Checked if tokens are valid: true, expires at: 1778044856123
[debug] [2026-05-06T04:34:23.045Z] >>> [apiv2][query] GET https://firebasehosting.googleapis.com/v1beta1/projects/notebook-kit/sites/notebook-kit [none]
[debug] [2026-05-06T04:34:24.155Z] <<< [apiv2][status] GET https://firebasehosting.googleapis.com/v1beta1/projects/notebook-kit/sites/notebook-kit 200
[debug] [2026-05-06T04:34:24.155Z] <<< [apiv2][body] GET https://firebasehosting.googleapis.com/v1beta1/projects/notebook-kit/sites/notebook-kit {"name":"projects/notebook-kit/sites/notebook-kit","defaultUrl":"https://notebook-kit.web.app","appId":"1:859362233686:web:4a959657bf832aaf38daf7","type":"DEFAULT_SITE"}
[info]    ▲ Next.js 15.5.15

[info]    - Environments: .env.local


[info]    Creating an optimized production build ...

[info]  ✓ Compiled successfully in 4.6s

[info]    Linting and checking validity of types ...

[info] 
Failed to compile.

[info] 
./app/admin/forge/page.tsx
94:53  Warning: Unexpected any. Specify a different type.  @typescript-eslint/no-explicit-any
222:19  Warning: Unexpected any. Specify a different type.  @typescript-eslint/no-explicit-any
256:32  Warning: Unexpected any. Specify a different type.  @typescript-eslint/no-explicit-any
257:36  Warning: Unexpected any. Specify a different type.  @typescript-eslint/no-explicit-any
404:62  Warning: Unexpected any. Specify a different type.  @typescript-eslint/no-explicit-any
558:54  Warning: Unexpected any. Specify a different type.  @typescript-eslint/no-explicit-any

./app/admin/kits/page.tsx
111:45  Warning: Unexpected any. Specify a different type.  @typescript-eslint/no-explicit-any

./app/admin/kits/[kitId]/page.tsx
125:36  Warning: Unexpected any. Specify a different type.  @typescript-eslint/no-explicit-any

./app/admin/page.tsx
24:14  Warning: Unexpected any. Specify a different type.  @typescript-eslint/no-explicit-any

./app/admin/partners/page.tsx
78:19  Warning: Unexpected any. Specify a different type.  @typescript-eslint/no-explicit-any
111:86  Warning: Unexpected any. Specify a different type.  @typescript-eslint/no-explicit-any
285:25  Warning: 'userStats' is assigned a value but never used.  @typescript-eslint/no-unused-vars

./app/admin/payouts/page.tsx
21:16  Warning: Unexpected any. Specify a different type.  @typescript-eslint/no-explicit-any
22:17  Warning: Unexpected any. Specify a different type.  @typescript-eslint/no-explicit-any

./app/admin/requests/page.tsx
24:3  Warning: 'MoreVertical' is defined but never used.  @typescript-eslint/no-unused-vars
38:14  Warning: Unexpected any. Specify a different type.  @typescript-eslint/no-explicit-any
69:81  Warning: Unexpected any. Specify a different type.  @typescript-eslint/no-explicit-any
71:72  Warning: Unexpected any. Specify a different type.  @typescript-eslint/no-explicit-any

./app/admin/users/page.tsx
18:52  Warning: 'updateDoc' is defined but never used.  @typescript-eslint/no-unused-vars
28:15  Warning: Unexpected any. Specify a different type.  @typescript-eslint/no-explicit-any
29:15  Warning: Unexpected any. Specify a different type.  @typescript-eslint/no-explicit-any

./app/api/email/route.ts
19:19  Warning: Unexpected any. Specify a different type.  @typescript-eslint/no-explicit-any

./app/api/kit/publish/route.ts
43:17  Warning: Unexpected any. Specify a different type.  @typescript-eslint/no-explicit-any

./app/api/payments/paypal/capture/route.ts
35:23  Warning: Unexpected any. Specify a different type.  @typescript-eslint/no-explicit-any
52:27  Warning: Unexpected any. Specify a different type.  @typescript-eslint/no-explicit-any
61:19  Warning: Unexpected any. Specify a different type.  @typescript-eslint/no-explicit-any
103:28  Warning: Unexpected any. Specify a different type.  @typescript-eslint/no-explicit-any
113:19  Warning: Unexpected any. Specify a different type.  @typescript-eslint/no-explicit-any

./app/api/payments/stripe/checkout/route.ts
51:19  Warning: Unexpected any. Specify a different type.  @typescript-eslint/no-explicit-any

./app/api/payments/verify/route.ts
69:19  Warning: Unexpected any. Specify a different type.  @typescript-eslint/no-explicit-any

./app/kits/page.tsx
15:14  Warning: Unexpected any. Specify a different type.  @typescript-eslint/no-explicit-any

./app/login/page.tsx
33:19  Warning: Unexpected any. Specify a different type.  @typescript-eslint/no-explicit-any
47:19  Warning: Unexpected any. Specify a different type.  @typescript-eslint/no-explicit-any

./app/partner/page.tsx
19:56  Warning: Unexpected any. Specify a different type.  @typescript-eslint/no-explicit-any
50:11  Error: 'fetchedPayments' is never reassigned. Use 'const' instead.  prefer-const
71:39  Warning: Unexpected any. Specify a different type.  @typescript-eslint/no-explicit-any
71:70  Warning: Unexpected any. Specify a different type.  @typescript-eslint/no-explicit-any
71:121  Warning: Unexpected any. Specify a different type.  @typescript-eslint/no-explicit-any
72:39  Warning: Unexpected any. Specify a different type.  @typescript-eslint/no-explicit-any
72:70  Warning: Unexpected any. Specify a different type.  @typescript-eslint/no-explicit-any
72:121  Warning: Unexpected any. Specify a different type.  @typescript-eslint/no-explicit-any

./components/admin/AssignKitModal.tsx
12:77  Warning: 'where' is defined but never used.  @typescript-eslint/no-unused-vars
68:19  Warning: Unexpected any. Specify a different type.  @typescript-eslint/no-explicit-any

./components/admin/UserModal.tsx
5:15  Warning: 'setDoc' is defined but never used.  @typescript-eslint/no-unused-vars
67:19  Warning: Unexpected any. Specify a different type.  @typescript-eslint/no-explicit-any

./components/marketplace/PurchaseControl.tsx
368:41  Warning: 'actions' is defined but never used. Allowed unused args must match /^_/u.  @typescript-eslint/no-unused-vars

./lib/constants/forge.ts
52:40  Warning: Unexpected any. Specify a different type.  @typescript-eslint/no-explicit-any

./lib/payments/fulfillment.ts
45:26  Warning: Unexpected any. Specify a different type.  @typescript-eslint/no-explicit-any

./lib/utils.ts
7:34  Warning: Unexpected any. Specify a different type.  @typescript-eslint/no-explicit-any

info  - Need to disable some ESLint rules? Learn more here: https://nextjs.org/docs/app/api-reference/config/eslint#disabling-rules

[debug] [2026-05-06T04:34:40.409Z] Error: ENOENT: no such file or directory, open 'C:\appprojects\notebook-kit\.next\export-marker.json'
[error] 
[error] Error: An unexpected error has occurred.
